<?xml version="1.0" encoding="UTF-8"?>
<testsuite xmlns:xsi="http://www.w3.org/2001/XMLSchema-instance" xsi:noNamespaceSchemaLocation="https://maven.apache.org/surefire/maven-surefire-plugin/xsd/surefire-test-report.xsd" version="3.0.2" name="es.udc.ws.movies.test.model.movieservice.MovieServiceTest" time="0.287" tests="15" errors="0" skipped="0" failures="0">
  <properties>
[...]
</properties>
  <testcase name="testAddInvalidMovie" classname="es.udc.ws.movies.test.model.movieservice.MovieServiceTest" time="0.017"/>
  <testcase name="testBuyMovieAndFindSale" classname="es.udc.ws.movies.test.model.movieservice.MovieServiceTest" time="0.118"/>
  <testcase name="testAddMovieAndFindMovie" classname="es.udc.ws.movies.test.model.movieservice.MovieServiceTest" time="0.015"/>
  <testcase name="testUpdateMovie" classname="es.udc.ws.movies.test.model.movieservice.MovieServiceTest" time="0.012"/>
  <testcase name="testRemoveMovie" classname="es.udc.ws.movies.test.model.movieservice.MovieServiceTest" time="0.009"/>
  <testcase name="testFindMovies" classname="es.udc.ws.movies.test.model.movieservice.MovieServiceTest" time="0.025"/>
  <testcase name="testGetExpiredMovieUrl" classname="es.udc.ws.movies.test.model.movieservice.MovieServiceTest" time="0.026"/>
  <testcase name="testRemoveMovieWithSales" classname="es.udc.ws.movies.test.model.movieservice.MovieServiceTest" time="0.015"/>
  <testcase name="testFindNonExistentSale" classname="es.udc.ws.movies.test.model.movieservice.MovieServiceTest" time="0.001"/>
  <testcase name="testRemoveNonExistentMovie" classname="es.udc.ws.movies.test.model.movieservice.MovieServiceTest" time="0.002"/>
  <testcase name="testBuyMovieWithInvalidCreditCard" classname="es.udc.ws.movies.test.model.movieservice.MovieServiceTest" time="0.007"/>
  <testcase name="testFindNonExistentMovie" classname="es.udc.ws.movies.test.model.movieservice.MovieServiceTest" time="0.002"/>
  <testcase name="testUpdateNonExistentMovie" classname="es.udc.ws.movies.test.model.movieservice.MovieServiceTest" time="0.002"/>
  <testcase name="testBuyNonExistentMovie" classname="es.udc.ws.movies.test.model.movieservice.MovieServiceTest" time="0.002"/>
  <testcase name="testUpdateInvalidMovie" classname="es.udc.ws.movies.test.model.movieservice.MovieServiceTest" time="0.007"/>
</testsuite>