<?xml version="1.0" encoding="UTF-8"?>
<testsuite xmlns:xsi="http://www.w3.org/2001/XMLSchema-instance" xsi:noNamespaceSchemaLocation="https://maven.apache.org/surefire/maven-surefire-plugin/xsd/surefire-test-report.xsd" version="3.0.2" name="es.udc.ws.app.test.model.appservice.AppServiceTest" time="0.475" tests="15" errors="0" skipped="0" failures="0">
  <properties>
[...]
</properties>
  <testcase name="testContarVotosEncuesta" classname="es.udc.ws.app.test.model.appservice.AppServiceTest" time="0.188"/>
  <testcase name="testBuscarEncuestas" classname="es.udc.ws.app.test.model.appservice.AppServiceTest" time="0.033"/>
  <testcase name="testCancelarFinalizada" classname="es.udc.ws.app.test.model.appservice.AppServiceTest" time="0.014"/>
  <testcase name="testBuscarEncuestaPorId" classname="es.udc.ws.app.test.model.appservice.AppServiceTest" time="0.013"/>
  <testcase name="testBuscarEncuestasNoIncluyeCanceladasNiExpiradas" classname="es.udc.ws.app.test.model.appservice.AppServiceTest" time="0.036"/>
  <testcase name="testCrearEncuestaBasico" classname="es.udc.ws.app.test.model.appservice.AppServiceTest" time="0.014"/>
  <testcase name="testEncuestaExpirada" classname="es.udc.ws.app.test.model.appservice.AppServiceTest" time="0.021"/>
  <testcase name="testCancelarDosVeces" classname="es.udc.ws.app.test.model.appservice.AppServiceTest" time="0.018"/>
  <testcase name="testCrearEncuestaFechaExpirada" classname="es.udc.ws.app.test.model.appservice.AppServiceTest" time="0.001"/>
  <testcase name="testObtenerResultadosEncuesta" classname="es.udc.ws.app.test.model.appservice.AppServiceTest" time="0.031"/>
  <testcase name="testResponderEncuesta" classname="es.udc.ws.app.test.model.appservice.AppServiceTest" time="0.013"/>
  <testcase name="testObtenerRespuestasVacia" classname="es.udc.ws.app.test.model.appservice.AppServiceTest" time="0.009"/>
  <testcase name="testCambiarRespuestaEncuesta" classname="es.udc.ws.app.test.model.appservice.AppServiceTest" time="0.017"/>
  <testcase name="testObtenerRespuestasTrasCancelarYFinalizar" classname="es.udc.ws.app.test.model.appservice.AppServiceTest" time="0.029"/>
  <testcase name="testEncuestaCancelada" classname="es.udc.ws.app.test.model.appservice.AppServiceTest" time="0.012"/>
</testsuite>